2022-09-06 12:05:31,003 Starting new HTTPS connection (1): api.telegram.org:443
2022-09-06 12:05:49,906 https://api.telegram.org:443 "GET /bot5725691758:AAHhVhKMr4g6jP3f2zmVepnXJLcllLF7O9c/getUpdates?offset=1&timeout=20 HTTP/1.1" 200 345
2022-09-06 12:05:49,910 Starting new HTTPS connection (1): api.telegram.org:443
2022-09-06 12:05:50,088 https://api.telegram.org:443 "POST /bot5725691758:AAHhVhKMr4g6jP3f2zmVepnXJLcllLF7O9c/sendMessage?chat_id=914202&text=1.+BTC%3A+25000+%24%0A2.+BTC%3A+19981+%24%0A HTTP/1.1" 200 270
2022-09-06 12:06:09,951 https://api.telegram.org:443 "GET /bot5725691758:AAHhVhKMr4g6jP3f2zmVepnXJLcllLF7O9c/getUpdates?offset=529721383&timeout=20 HTTP/1.1" 200 23
2022-09-06 12:06:29,994 https://api.telegram.org:443 "GET /bot5725691758:AAHhVhKMr4g6jP3f2zmVepnXJLcllLF7O9c/getUpdates?offset=529721383&timeout=20 HTTP/1.1" 200 23
2022-09-06 12:06:50,037 https://api.telegram.org:443 "GET /bot5725691758:AAHhVhKMr4g6jP3f2zmVepnXJLcllLF7O9c/getUpdates?offset=529721383&timeout=20 HTTP/1.1" 200 23
2022-09-06 12:07:10,081 https://api.telegram.org:443 "GET /bot5725691758:AAHhVhKMr4g6jP3f2zmVepnXJLcllLF7O9c/getUpdates?offset=529721383&timeout=20 HTTP/1.1" 200 23
2022-09-06 12:07:30,124 https://api.telegram.org:443 "GET /bot5725691758:AAHhVhKMr4g6jP3f2zmVepnXJLcllLF7O9c/getUpdates?offset=529721383&timeout=20 HTTP/1.1" 200 23
2022-09-06 12:07:50,167 https://api.telegram.org:443 "GET /bot5725691758:AAHhVhKMr4g6jP3f2zmVepnXJLcllLF7O9c/getUpdates?offset=529721383&timeout=20 HTTP/1.1" 200 23
2022-09-06 12:08:10,211 https://api.telegram.org:443 "GET /bot5725691758:AAHhVhKMr4g6jP3f2zmVepnXJLcllLF7O9c/getUpdates?offset=529721383&timeout=20 HTTP/1.1" 200 23
2022-09-06 12:08:30,254 https://api.telegram.org:443 "GET /bot5725691758:AAHhVhKMr4g6jP3f2zmVepnXJLcllLF7O9c/getUpdates?offset=529721383&timeout=20 HTTP/1.1" 200 23
2022-09-06 12:08:45,684 https://api.telegram.org:443 "GET /bot5725691758:AAHhVhKMr4g6jP3f2zmVepnXJLcllLF7O9c/getUpdates?offset=529721383&timeout=20 HTTP/1.1" 200 345
2022-09-06 12:08:45,687 Starting new HTTPS connection (1): api.telegram.org:443
2022-09-06 12:08:45,862 https://api.telegram.org:443 "POST /bot5725691758:AAHhVhKMr4g6jP3f2zmVepnXJLcllLF7O9c/sendMessage?chat_id=914202&text=1.+BTC%3A+25000+%24%0A HTTP/1.1" 200 253
2022-09-06 12:09:05,727 https://api.telegram.org:443 "GET /bot5725691758:AAHhVhKMr4g6jP3f2zmVepnXJLcllLF7O9c/getUpdates?offset=529721384&timeout=20 HTTP/1.1" 200 23
2022-09-06 12:09:25,770 https://api.telegram.org:443 "GET /bot5725691758:AAHhVhKMr4g6jP3f2zmVepnXJLcllLF7O9c/getUpdates?offset=529721384&timeout=20 HTTP/1.1" 200 23
2022-09-06 12:09:41,865 https://api.telegram.org:443 "GET /bot5725691758:AAHhVhKMr4g6jP3f2zmVepnXJLcllLF7O9c/getUpdates?offset=529721384&timeout=20 HTTP/1.1" 200 305
2022-09-06 12:09:46,076 https://api.telegram.org:443 "GET /bot5725691758:AAHhVhKMr4g6jP3f2zmVepnXJLcllLF7O9c/getUpdates?offset=529721385&timeout=20 HTTP/1.1" 200 289
2022-09-06 12:09:46,147 https://api.telegram.org:443 "POST /bot5725691758:AAHhVhKMr4g6jP3f2zmVepnXJLcllLF7O9c/sendMessage?chat_id=400790829&text=Token+Bb+is+not+supported.+Try+again%21 HTTP/1.1" 200 277
2022-09-06 12:09:50,997 https://api.telegram.org:443 "GET /bot5725691758:AAHhVhKMr4g6jP3f2zmVepnXJLcllLF7O9c/getUpdates?offset=529721386&timeout=20 HTTP/1.1" 200 323
2022-09-06 12:09:59,597 https://api.telegram.org:443 "GET /bot5725691758:AAHhVhKMr4g6jP3f2zmVepnXJLcllLF7O9c/getUpdates?offset=529721387&timeout=20 HTTP/1.1" 200 290
2022-09-06 12:09:59,680 https://api.telegram.org:443 "POST /bot5725691758:AAHhVhKMr4g6jP3f2zmVepnXJLcllLF7O9c/sendMessage?chat_id=400790829&text=Token+Huj+is+not+supported.+Try+again%21 HTTP/1.1" 200 278
2022-09-06 12:10:19,642 https://api.telegram.org:443 "GET /bot5725691758:AAHhVhKMr4g6jP3f2zmVepnXJLcllLF7O9c/getUpdates?offset=529721388&timeout=20 HTTP/1.1" 200 23
2022-09-06 12:10:21,153 https://api.telegram.org:443 "GET /bot5725691758:AAHhVhKMr4g6jP3f2zmVepnXJLcllLF7O9c/getUpdates?offset=529721388&timeout=20 HTTP/1.1" 200 290
2022-09-06 12:10:21,245 https://api.telegram.org:443 "POST /bot5725691758:AAHhVhKMr4g6jP3f2zmVepnXJLcllLF7O9c/sendMessage?chat_id=400790829&text=Current+BTC+price%3A+19986.61%24 HTTP/1.1" 200 268
2022-09-06 12:10:21,326 https://api.telegram.org:443 "POST /bot5725691758:AAHhVhKMr4g6jP3f2zmVepnXJLcllLF7O9c/sendMessage?chat_id=400790829&text=Which+price+would+you+like+to+be+notified+on%3F HTTP/1.1" 200 285
2022-09-06 12:10:26,048 https://api.telegram.org:443 "GET /bot5725691758:AAHhVhKMr4g6jP3f2zmVepnXJLcllLF7O9c/getUpdates?offset=529721389&timeout=20 HTTP/1.1" 200 292
